# JRE version: Java(TM) SE Runtime Environment (8.0_202-b08) (build 1.8.0_202-b08)
# Java VM: Java HotSpot(TM) 64-Bit Server VM (25.202-b08 mixed mode windows-amd64 compressed oops)
Heap:
 PSYoungGen      total 151552K, used 89122K [0x00000000d6900000, 0x00000000e3a80000, 0x0000000100000000)
  eden space 137728K, 64% used [0x00000000d6900000,0x00000000dc008958,0x00000000def80000)
  from space 13824K, 0% used [0x00000000def80000,0x00000000def80000,0x00000000dfd00000)
  to   space 15360K, 0% used [0x00000000e2b80000,0x00000000e2b80000,0x00000000e3a80000)
 ParOldGen       total 92160K, used 18046K [0x0000000083a00000, 0x0000000089400000, 0x00000000d6900000)
  object space 92160K, 19% used [0x0000000083a00000,0x0000000084b9fa90,0x0000000089400000)
 Metaspace       used 43606K, capacity 45292K, committed 45568K, reserved 1089536K
  class space    used 5762K, capacity 6101K, committed 6144K, reserved 1048576K
GC Heap History (10 events):
Event: 3.917 GC heap before
{Heap before GC invocations=7 (full 1):
 PSYoungGen      total 70656K, used 65533K [0x00000000d6900000, 0x00000000dfa00000, 0x0000000100000000)
  eden space 65536K, 99% used [0x00000000d6900000,0x00000000da8ff578,0x00000000da900000)
  from space 5120K, 0% used [0x00000000da900000,0x00000000da900000,0x00000000dae00000)
  to   space 8704K, 0% used [0x00000000df180000,0x00000000df180000,0x00000000dfa00000)
 ParOldGen       total 56832K, used 6026K [0x0000000083a00000, 0x0000000087180000, 0x00000000d6900000)
  object space 56832K, 10% used [0x0000000083a00000,0x0000000083fe2b98,0x0000000087180000)
 Metaspace       used 22668K, capacity 23262K, committed 23472K, reserved 1069056K
  class space    used 2791K, capacity 2971K, committed 3072K, reserved 1048576K
Event: 3.922 GC heap after
Heap after GC invocations=7 (full 1):
 PSYoungGen      total 101376K, used 3449K [0x00000000d6900000, 0x00000000df500000, 0x0000000100000000)
  eden space 97792K, 0% used [0x00000000d6900000,0x00000000d6900000,0x00000000dc880000)
  from space 3584K, 96% used [0x00000000df180000,0x00000000df4de540,0x00000000df500000)
  to   space 8704K, 0% used [0x00000000de400000,0x00000000de400000,0x00000000dec80000)
 ParOldGen       total 56832K, used 6034K [0x0000000083a00000, 0x0000000087180000, 0x00000000d6900000)
  object space 56832K, 10% used [0x0000000083a00000,0x0000000083fe4b98,0x0000000087180000)
 Metaspace       used 22668K, capacity 23262K, committed 23472K, reserved 1069056K
  class space    used 2791K, capacity 2971K, committed 3072K, reserved 1048576K
}
Event: 6.043 GC heap before
{Heap before GC invocations=8 (full 1):
 PSYoungGen      total 101376K, used 101241K [0x00000000d6900000, 0x00000000df500000, 0x0000000100000000)
  eden space 97792K, 100% used [0x00000000d6900000,0x00000000dc880000,0x00000000dc880000)
  from space 3584K, 96% used [0x00000000df180000,0x00000000df4de540,0x00000000df500000)
  to   space 8704K, 0% used [0x00000000de400000,0x00000000de400000,0x00000000dec80000)
 ParOldGen       total 56832K, used 6034K [0x0000000083a00000, 0x0000000087180000, 0x00000000d6900000)
  object space 56832K, 10% used [0x0000000083a00000,0x0000000083fe4b98,0x0000000087180000)
 Metaspace       used 27190K, capacity 28220K, committed 28288K, reserved 1073152K
  class space    used 3411K, capacity 3647K, committed 3712K, reserved 1048576K
Event: 6.053 GC heap after
Heap after GC invocations=8 (full 1):
 PSYoungGen      total 134656K, used 8690K [0x00000000d6900000, 0x00000000e0700000, 0x0000000100000000)
  eden space 125952K, 0% used [0x00000000d6900000,0x00000000d6900000,0x00000000de400000)
  from space 8704K, 99% used [0x00000000de400000,0x00000000dec7c9c8,0x00000000dec80000)
  to   space 10240K, 0% used [0x00000000dfd00000,0x00000000dfd00000,0x00000000e0700000)
 ParOldGen       total 56832K, used 6198K [0x0000000083a00000, 0x0000000087180000, 0x00000000d6900000)
  object space 56832K, 10% used [0x0000000083a00000,0x000000008400d858,0x0000000087180000)
 Metaspace       used 27190K, capacity 28220K, committed 28288K, reserved 1073152K
  class space    used 3411K, capacity 3647K, committed 3712K, reserved 1048576K
}
Event: 8.366 GC heap before
{Heap before GC invocations=9 (full 1):
 PSYoungGen      total 134656K, used 134642K [0x00000000d6900000, 0x00000000e0700000, 0x0000000100000000)
  eden space 125952K, 100% used [0x00000000d6900000,0x00000000de400000,0x00000000de400000)
  from space 8704K, 99% used [0x00000000de400000,0x00000000dec7c9c8,0x00000000dec80000)
  to   space 10240K, 0% used [0x00000000dfd00000,0x00000000dfd00000,0x00000000e0700000)
 ParOldGen       total 56832K, used 6198K [0x0000000083a00000, 0x0000000087180000, 0x00000000d6900000)
  object space 56832K, 10% used [0x0000000083a00000,0x000000008400d858,0x0000000087180000)
 Metaspace       used 32663K, capacity 34202K, committed 34432K, reserved 1079296K
  class space    used 4116K, capacity 4398K, committed 4480K, reserved 1048576K
Event: 8.385 GC heap after
Heap after GC invocations=9 (full 1):
 PSYoungGen      total 147968K, used 10239K [0x00000000d6900000, 0x00000000e3400000, 0x0000000100000000)
  eden space 137728K, 0% used [0x00000000d6900000,0x00000000d6900000,0x00000000def80000)
  from space 10240K, 99% used [0x00000000dfd00000,0x00000000e06ffd00,0x00000000e0700000)
  to   space 13824K, 0% used [0x00000000def80000,0x00000000def80000,0x00000000dfd00000)
 ParOldGen       total 56832K, used 10886K [0x0000000083a00000, 0x0000000087180000, 0x00000000d6900000)
  object space 56832K, 19% used [0x0000000083a00000,0x00000000844a1a50,0x0000000087180000)
 Metaspace       used 32663K, capacity 34202K, committed 34432K, reserved 1079296K
  class space    used 4116K, capacity 4398K, committed 4480K, reserved 1048576K
}
Event: 8.779 GC heap before
{Heap before GC invocations=10 (full 1):
 PSYoungGen      total 147968K, used 36275K [0x00000000d6900000, 0x00000000e3400000, 0x0000000100000000)
  eden space 137728K, 18% used [0x00000000d6900000,0x00000000d826cf48,0x00000000def80000)
  from space 10240K, 99% used [0x00000000dfd00000,0x00000000e06ffd00,0x00000000e0700000)
  to   space 13824K, 0% used [0x00000000def80000,0x00000000def80000,0x00000000dfd00000)
 ParOldGen       total 56832K, used 10886K [0x0000000083a00000, 0x0000000087180000, 0x00000000d6900000)
  object space 56832K, 19% used [0x0000000083a00000,0x00000000844a1a50,0x0000000087180000)
 Metaspace       used 33812K, capacity 35370K, committed 35496K, reserved 1081344K
  class space    used 4250K, capacity 4558K, committed 4608K, reserved 1048576K
Event: 8.793 GC heap after
Heap after GC invocations=10 (full 1):
 PSYoungGen      total 151552K, used 12123K [0x00000000d6900000, 0x00000000e3a80000, 0x0000000100000000)
  eden space 137728K, 0% used [0x00000000d6900000,0x00000000d6900000,0x00000000def80000)
  from space 13824K, 87% used [0x00000000def80000,0x00000000dfb56d80,0x00000000dfd00000)
  to   space 15360K, 0% used [0x00000000e2b80000,0x00000000e2b80000,0x00000000e3a80000)
 ParOldGen       total 56832K, used 10894K [0x0000000083a00000, 0x0000000087180000, 0x00000000d6900000)
  object space 56832K, 19% used [0x0000000083a00000,0x00000000844a3a50,0x0000000087180000)
 Metaspace       used 33812K, capacity 35370K, committed 35496K, reserved 1081344K
  class space    used 4250K, capacity 4558K, committed 4608K, reserved 1048576K
}
Event: 8.793 GC heap before
{Heap before GC invocations=11 (full 2):
 PSYoungGen      total 151552K, used 12123K [0x00000000d6900000, 0x00000000e3a80000, 0x0000000100000000)
  eden space 137728K, 0% used [0x00000000d6900000,0x00000000d6900000,0x00000000def80000)
  from space 13824K, 87% used [0x00000000def80000,0x00000000dfb56d80,0x00000000dfd00000)
  to   space 15360K, 0% used [0x00000000e2b80000,0x00000000e2b80000,0x00000000e3a80000)
 ParOldGen       total 56832K, used 10894K [0x0000000083a00000, 0x0000000087180000, 0x00000000d6900000)
  object space 56832K, 19% used [0x0000000083a00000,0x00000000844a3a50,0x0000000087180000)
 Metaspace       used 33812K, capacity 35370K, committed 35496K, reserved 1081344K
  class space    used 4250K, capacity 4558K, committed 4608K, reserved 1048576K
Event: 8.876 GC heap after
Heap after GC invocations=11 (full 2):
 PSYoungGen      total 151552K, used 0K [0x00000000d6900000, 0x00000000e3a80000, 0x0000000100000000)
  eden space 137728K, 0% used [0x00000000d6900000,0x00000000d6900000,0x00000000def80000)
  from space 13824K, 0% used [0x00000000def80000,0x00000000def80000,0x00000000dfd00000)
  to   space 15360K, 0% used [0x00000000e2b80000,0x00000000e2b80000,0x00000000e3a80000)
 ParOldGen       total 92160K, used 18046K [0x0000000083a00000, 0x0000000089400000, 0x00000000d6900000)
  object space 92160K, 19% used [0x0000000083a00000,0x0000000084b9fa90,0x0000000089400000)
 Metaspace       used 33812K, capacity 35370K, committed 35496K, reserved 1081344K
  class space    used 4250K, capacity 4558K, committed 4608K, reserved 1048576K
}

